Arguments: 
  /usr/local/bin/node /usr/local/bin/yarn

PATH: 
  /usr/local/opt/ruby/bin:/usr/local/lib/ruby/gems/2.7.0/bin:/Users/lilin/go/bin:/usr/local/bin:/usr/bin:/bin:/usr/sbin:/sbin:/Library/TeX/texbin:/usr/local/share/dotnet:~/.dotnet/tools:/Library/Frameworks/Mono.framework/Versions/Current/Commands:/usr/local/opt/ruby/bin:/usr/local/lib/ruby/gems/2.7.0/bin:/Users/lilin/go/bin:/Users/lilin/Library/Android/sdk/emulator:/Users/lilin/Library/Android/sdk/tools:/Users/lilin/Library/Android/sdk/tools/bin:/Users/lilin/Library/Android/sdk/platform-tools:/Users/lilin/Library/Android/sdk/emulator:/Users/lilin/Library/Android/sdk/tools:/Users/lilin/Library/Android/sdk/tools/bin:/Users/lilin/Library/Android/sdk/platform-tools

Yarn version: 
  1.17.3

Node version: 
  12.16.1

Platform: 
  darwin x64

Trace: 
  Error: getaddrinfo ENOTFOUND cdn.npm.taobao.org
      at GetAddrInfoReqWrap.onlookup [as oncomplete] (dns.js:64:26)

npm manifest: 
  {
    "name": "yuxl",
    "version": "1.0.0",
    "description": "",
    "main": "index.js",
    "scripts": {
      "test": "jest",
      "server": "webpack-dev-server --open --inline",
      "build": "webpack --config webpack.config.js --progress --display-modules --display-reasons  --colors"
    },
    "author": "",
    "license": "ISC",
    "devDependencies": {
      "autoprefixer": "^7.1.1",
      "babel-core": "^6.25.0",
      "babel-loader": "^7.1.0",
      "babel-plugin-transform-decorators-legacy": "^1.3.4",
      "babel-preset-env": "^1.7.0",
      "babel-preset-latest": "^6.24.1",
      "babel-preset-react": "^6.24.1",
      "babel-preset-stage-0": "^6.24.1",
      "css-loader": "^0.28.4",
      "csv-loader": "^2.1.1",
      "ejs-loader": "^0.3.0",
      "file-loader": "^0.11.2",
      "html-loader": "^0.4.5",
      "html-webpack-plugin": "^2.29.0",
      "image-webpack-loader": "^3.3.1",
      "less": "^2.7.2",
      "less-loader": "^4.0.4",
      "postcss-loader": "^2.0.6",
      "sass": "^1.0.0-beta.1",
      "style-loader": "^0.18.2",
      "url-loader": "^0.5.9",
      "webpack": "^3.0.0",
      "webpack-dev-server": "^2.5.0",
      "xml-loader": "^1.2.1"
    },
    "dependencies": {
      "jest": "^23.1.0",
      "mobx": "^4.3.0",
      "normalizr": "^3.2.4",
      "querystring": "^0.2.0",
      "react": "^15.6.1",
      "react-dom": "^15.6.1",
      "react-mobx": "0.0.3",
      "react-redux": "^5.0.5",
      "react-router": "^4.1.1",
      "redux": "^3.7.1",
      "whatwg-fetch": "^2.0.4"
    }
  }

yarn manifest: 
  No manifest

Lockfile: 
  No lockfile
